24.04.01 08:58:22.952 INFO  h.a.AutomouseApplication - Starting AutomouseApplication v0.0.1 using Java 19.0.2 with PID 9496 (C:\work\VSCode\java\automouse\build\libs\automouse-0.0.1.jar started by hcbang in C:\work\VSCode\java\automouse)
24.04.01 08:58:22.967 INFO  h.a.AutomouseApplication - No active profile set, falling back to 1 default profile: "default"
24.04.01 08:58:18.736 INFO  h.a.ScheduledTask - Config(actionDelaySec=2, checkList=[Config.Check(name=work on (MONDAY, WEDNESDAY, FRIDAY), condition=Config.Condition(dayOfWeeks=[1, 3, 5], time=eq 09:31), actionTemplates=[work on, init work]), Config.Check(name=work on (TUESDAY, THURSDAY), condition=Config.Condition(dayOfWeeks=[2, 4], time=eq 09:33), actionTemplates=[work on, init work]), Config.Check(name=work off (MONDAY, THURSDAY), condition=Config.Condition(dayOfWeeks=[1, 4], time=eq 18:38), actionTemplates=[work off, close all windows]), Config.Check(name=work off (TUESDAY, WEDNESDAY, FRIDAY), condition=Config.Condition(dayOfWeeks=[2, 4, 5], time=eq 18:36), actionTemplates=[work off, close all windows]), Config.Check(name=shut down, condition=Config.Condition(dayOfWeeks=[5], time=gt 18:50), actionTemplates=[shut down]), Config.Check(name=on duty, condition=Config.Condition(dayOfWeeks=[1, 2, 3, 4, 5], time=bw 08:57 19:00), actionTemplates=[print point])], actionTemplateList=[Config.ActionTemplate(name=work on, actions=[awake::awake, click start button::click 18 1060, execute chrome::click 105 659, select IVY::click 1142 98, select works::click 1172 139, select home::click 1412 135, go password::click 561 605, password set::keyin ahffkWkti18!, login::enter, click on::click 1350 420, click confirm::click 1240 800]), Config.ActionTemplate(name=work off, actions=[awake::awake, click start button::click 18 1060, execute chrome::click 105 659, select IVY::click 1142 98, select works::click 1172 139, select home::click 1412 135, go password::click 561 605, password set::keyin ahffkWkti18!, login::enter, click off::click 1575 420, click confirm::click 1240 800, click my name::click 1755 140, click logout::click 1565 314]), Config.ActionTemplate(name=shut down, actions=[awake::awake, click start button::click 18 1060, click power button::click 18 1010, click shutdown button::click 18 935, exit::exit]), Config.ActionTemplate(name=init work, actions=[awake::awake, click start button::click 18 1060, execute explorer::click 310 660, click start button::click 18 1060, execute notepad++::click 205 870]), Config.ActionTemplate(name=close all windows, actions=[awake::awake, close right::click 3820 15, close right::click 3820 15, close right::click 3820 15, close right::click 3820 15, close left::click 1900 15, close left::click 1900 15, close left::click 1900 15, close left::click 1900 15, click 2'st::click 255 1062, close left::click 1900 15, close right::click 3820 15, click 2'st::click 255 1062, close left::click 1900 15, close right::click 3820 15]), Config.ActionTemplate(name=print point, actions=[awake::awake, point::point 5])], exceptDates=[2024-03-01, 2024-03-26, 2024-04-10, 2024-05-01, 2024-05-06, 2024-05-15, 2024-06-06, 2024-08-15, 2024-09-16, 2024-09-17, 2024-09-18, 2024-10-03, 2024-10-09, 2024-12-25])
24.04.01 08:58:18.859 INFO  h.a.AutomouseApplication - Started AutomouseApplication in -3.409 seconds (process running for 1.946)
24.04.01 08:58:19.234 INFO  h.a.ScheduledTask - doAction: on duty
24.04.01 08:58:21.242 INFO  h.a.ScheduledTask - action: awake
24.04.01 08:58:26.254 INFO  h.a.ScheduledTask - action: point
24.04.01 08:58:26.254 INFO  h.a.ScheduledTask - point: 1093 510
24.04.01 08:58:31.255 INFO  h.a.ScheduledTask - point: 1093 510
24.04.01 08:58:36.262 INFO  h.a.ScheduledTask - point: 1093 510
24.04.01 08:58:41.265 INFO  h.a.ScheduledTask - point: 1093 510
24.04.01 08:58:46.267 INFO  h.a.ScheduledTask - point: 1093 510
24.04.01 08:59:37.229 INFO  h.a.AutomouseApplication - Starting AutomouseApplication v0.0.1 using Java 19.0.2 with PID 9160 (C:\work\VSCode\java\automouse\build\libs\automouse-0.0.1.jar started by hcbang in C:\work\VSCode\java\automouse)
24.04.01 08:59:37.229 INFO  h.a.AutomouseApplication - No active profile set, falling back to 1 default profile: "default"
24.04.01 08:59:37.753 INFO  h.a.ScheduledTask - Config(actionDelaySec=2, checkList=[Config.Check(name=work on (MONDAY, WEDNESDAY, FRIDAY), condition=Config.Condition(dayOfWeeks=[1, 3, 5], time=eq 08:59), actionTemplates=[work on, init work]), Config.Check(name=work on (TUESDAY, THURSDAY), condition=Config.Condition(dayOfWeeks=[2, 4], time=eq 09:33), actionTemplates=[work on, init work]), Config.Check(name=work off (MONDAY, THURSDAY), condition=Config.Condition(dayOfWeeks=[1, 4], time=eq 18:38), actionTemplates=[work off, close all windows]), Config.Check(name=work off (TUESDAY, WEDNESDAY, FRIDAY), condition=Config.Condition(dayOfWeeks=[2, 4, 5], time=eq 18:36), actionTemplates=[work off, close all windows]), Config.Check(name=shut down, condition=Config.Condition(dayOfWeeks=[5], time=gt 18:50), actionTemplates=[shut down]), Config.Check(name=on duty, condition=Config.Condition(dayOfWeeks=[1, 2, 3, 4, 5], time=bw 08:57 19:00), actionTemplates=[print point])], actionTemplateList=[Config.ActionTemplate(name=work on, actions=[awake::awake, click start button::click 18 1060, execute chrome::click 105 659, select IVY::click 1142 98, select works::click 1172 139, select home::click 1412 135, go password::click 561 605, password set::keyin ahffkWkti18!, login::enter, click on::click 1350 420, click confirm::click 1240 800]), Config.ActionTemplate(name=work off, actions=[awake::awake, click start button::click 18 1060, execute chrome::click 105 659, select IVY::click 1142 98, select works::click 1172 139, select home::click 1412 135, go password::click 561 605, password set::keyin ahffkWkti18!, login::enter, click off::click 1575 420, click confirm::click 1240 800, click my name::click 1755 140, click logout::click 1565 314]), Config.ActionTemplate(name=shut down, actions=[awake::awake, click start button::click 18 1060, click power button::click 18 1010, click shutdown button::click 18 935, exit::exit]), Config.ActionTemplate(name=init work, actions=[awake::awake, click start button::click 18 1060, execute explorer::click 310 660, click start button::click 18 1060, execute notepad++::click 205 870]), Config.ActionTemplate(name=close all windows, actions=[awake::awake, close right::click 3820 15, close right::click 3820 15, close right::click 3820 15, close right::click 3820 15, close left::click 1900 15, close left::click 1900 15, close left::click 1900 15, close left::click 1900 15, click 2'st::click 255 1062, close left::click 1900 15, close right::click 3820 15, click 2'st::click 255 1062, close left::click 1900 15, close right::click 3820 15]), Config.ActionTemplate(name=print point, actions=[awake::awake, point::point 5])], exceptDates=[2024-03-01, 2024-03-26, 2024-04-10, 2024-05-01, 2024-05-06, 2024-05-15, 2024-06-06, 2024-08-15, 2024-09-16, 2024-09-17, 2024-09-18, 2024-10-03, 2024-10-09, 2024-12-25])
24.04.01 08:59:37.876 INFO  h.a.AutomouseApplication - Started AutomouseApplication in 1.321 seconds (process running for 1.831)
24.04.01 08:59:38.098 INFO  h.a.ScheduledTask - doAction: work on (MONDAY, WEDNESDAY, FRIDAY)
24.04.01 08:59:40.108 INFO  h.a.ScheduledTask - action: awake
24.04.01 08:59:45.116 INFO  h.a.ScheduledTask - action: click start button
24.04.01 08:59:47.240 INFO  h.a.ScheduledTask - action: execute chrome
24.04.01 08:59:49.369 INFO  h.a.ScheduledTask - action: select IVY
24.04.01 08:59:51.487 INFO  h.a.ScheduledTask - action: select works
24.04.01 08:59:53.604 INFO  h.a.ScheduledTask - action: select home
24.04.01 08:59:55.738 INFO  h.a.ScheduledTask - action: go password
24.04.01 08:59:57.856 INFO  h.a.ScheduledTask - action: password set
24.04.01 09:00:01.166 INFO  h.a.ScheduledTask - action: login
24.04.01 09:00:03.169 INFO  h.a.ScheduledTask - action: click on
24.04.01 09:00:05.284 INFO  h.a.ScheduledTask - action: click confirm
24.04.01 09:00:07.409 INFO  h.a.ScheduledTask - action: awake
24.04.01 09:00:12.431 INFO  h.a.ScheduledTask - action: click start button
24.04.01 09:00:14.542 INFO  h.a.ScheduledTask - action: execute explorer
24.04.01 09:00:16.669 INFO  h.a.ScheduledTask - action: click start button
24.04.01 09:00:18.804 INFO  h.a.ScheduledTask - action: execute notepad++
24.04.01 09:01:48.665 INFO  h.a.AutomouseApplication - Starting AutomouseApplication v0.0.1 using Java 19.0.2 with PID 13764 (C:\work\VSCode\java\automouse\build\libs\automouse-0.0.1.jar started by hcbang in C:\work\VSCode\java\automouse)
24.04.01 09:01:48.665 INFO  h.a.AutomouseApplication - No active profile set, falling back to 1 default profile: "default"
24.04.01 09:01:49.140 INFO  h.a.ScheduledTask - Config(actionDelaySec=2, checkList=[Config.Check(name=work on (MONDAY, WEDNESDAY, FRIDAY), condition=Config.Condition(dayOfWeeks=[1, 3, 5], time=eq 09:02), actionTemplates=[work on, init work]), Config.Check(name=work on (TUESDAY, THURSDAY), condition=Config.Condition(dayOfWeeks=[2, 4], time=eq 08:58), actionTemplates=[work on, init work]), Config.Check(name=work off (MONDAY, THURSDAY), condition=Config.Condition(dayOfWeeks=[1, 4], time=eq 18:03), actionTemplates=[work off, close all windows]), Config.Check(name=work off (TUESDAY, WEDNESDAY, FRIDAY), condition=Config.Condition(dayOfWeeks=[2, 4, 5], time=eq 18:04), actionTemplates=[work off, close all windows]), Config.Check(name=shut down, condition=Config.Condition(dayOfWeeks=[5], time=gt 18:25), actionTemplates=[shut down]), Config.Check(name=on duty, condition=Config.Condition(dayOfWeeks=[1, 2, 3, 4, 5], time=bw 08:57 19:00), actionTemplates=[print point])], actionTemplateList=[Config.ActionTemplate(name=work on, actions=[awake::awake, click start button::click 18 1060, execute chrome::click 105 659, select IVY::click 1142 98, select works::click 1172 139, select home::click 1412 135, go password::click 561 605, password set::keyin ahffkWkti18!, login::enter, click on::click 1350 420, click confirm::click 1240 800]), Config.ActionTemplate(name=work off, actions=[awake::awake, click start button::click 18 1060, execute chrome::click 105 659, select IVY::click 1142 98, select works::click 1172 139, select home::click 1412 135, go password::click 561 605, password set::keyin ahffkWkti18!, login::enter, click off::click 1575 420, click confirm::click 1240 800, click my name::click 1755 140, click logout::click 1565 314]), Config.ActionTemplate(name=shut down, actions=[awake::awake, click start button::click 18 1060, click power button::click 18 1010, click shutdown button::click 18 935, exit::exit]), Config.ActionTemplate(name=init work, actions=[awake::awake, click start button::click 18 1060, execute explorer::click 310 660, click start button::click 18 1060, execute notepad++::click 205 870]), Config.ActionTemplate(name=close all windows, actions=[awake::awake, close right::click 3820 15, close right::click 3820 15, close right::click 3820 15, close right::click 3820 15, close left::click 1900 15, close left::click 1900 15, close left::click 1900 15, close left::click 1900 15, click 2'st::click 255 1062, close left::click 1900 15, close right::click 3820 15, click 2'st::click 255 1062, close left::click 1900 15, close right::click 3820 15]), Config.ActionTemplate(name=print point, actions=[awake::awake, point::point 5])], exceptDates=[2024-03-01, 2024-03-26, 2024-04-10, 2024-05-01, 2024-05-06, 2024-05-15, 2024-06-06, 2024-08-15, 2024-09-16, 2024-09-17, 2024-09-18, 2024-10-03, 2024-10-09, 2024-12-25])
24.04.01 09:01:49.261 INFO  h.a.AutomouseApplication - Started AutomouseApplication in 1.225 seconds (process running for 1.7)
24.04.01 09:01:49.406 INFO  h.a.ScheduledTask - doAction: on duty
24.04.01 09:01:51.419 INFO  h.a.ScheduledTask - action: awake
24.04.01 09:01:56.425 INFO  h.a.ScheduledTask - action: point
24.04.01 09:01:56.425 INFO  h.a.ScheduledTask - point: 1488 880
24.04.01 09:02:01.426 INFO  h.a.ScheduledTask - point: 1488 880
24.04.01 09:02:06.428 INFO  h.a.ScheduledTask - point: 1488 880
24.04.01 09:02:11.430 INFO  h.a.ScheduledTask - point: 1488 880
24.04.01 09:02:16.431 INFO  h.a.ScheduledTask - point: 1334 791
24.04.01 09:02:32.098 INFO  h.a.AutomouseApplication - Starting AutomouseApplication v0.0.1 using Java 19.0.2 with PID 3948 (C:\work\VSCode\java\automouse\build\libs\automouse-0.0.1.jar started by hcbang in C:\work\VSCode\java\automouse)
24.04.01 09:02:32.113 INFO  h.a.AutomouseApplication - No active profile set, falling back to 1 default profile: "default"
24.04.01 09:02:32.624 INFO  h.a.ScheduledTask - Config(actionDelaySec=2, checkList=[Config.Check(name=work on (MONDAY, WEDNESDAY, FRIDAY), condition=Config.Condition(dayOfWeeks=[1, 3, 5], time=eq 09:02), actionTemplates=[work on, init work]), Config.Check(name=work on (TUESDAY, THURSDAY), condition=Config.Condition(dayOfWeeks=[2, 4], time=eq 08:58), actionTemplates=[work on, init work]), Config.Check(name=work off (MONDAY, THURSDAY), condition=Config.Condition(dayOfWeeks=[1, 4], time=eq 18:03), actionTemplates=[work off, close all windows]), Config.Check(name=work off (TUESDAY, WEDNESDAY, FRIDAY), condition=Config.Condition(dayOfWeeks=[2, 4, 5], time=eq 18:04), actionTemplates=[work off, close all windows]), Config.Check(name=shut down, condition=Config.Condition(dayOfWeeks=[5], time=gt 18:25), actionTemplates=[shut down]), Config.Check(name=on duty, condition=Config.Condition(dayOfWeeks=[1, 2, 3, 4, 5], time=bw 08:57 19:00), actionTemplates=[print point])], actionTemplateList=[Config.ActionTemplate(name=work on, actions=[awake::awake, click start button::click 18 1060, execute chrome::click 105 659, select IVY::click 1142 98, select works::click 1172 139, select home::click 1412 135, go password::click 561 605, password set::keyin ahffkWkti18!, login::enter, click on::click 1350 420, click confirm::click 1240 800]), Config.ActionTemplate(name=work off, actions=[awake::awake, click start button::click 18 1060, execute chrome::click 105 659, select IVY::click 1142 98, select works::click 1172 139, select home::click 1412 135, go password::click 561 605, password set::keyin ahffkWkti18!, login::enter, click off::click 1575 420, click confirm::click 1240 800, click my name::click 1755 140, click logout::click 1565 314]), Config.ActionTemplate(name=shut down, actions=[awake::awake, click start button::click 18 1060, click power button::click 18 1010, click shutdown button::click 18 935, exit::exit]), Config.ActionTemplate(name=init work, actions=[awake::awake, click start button::click 18 1060, execute explorer::click 310 660, click start button::click 18 1060, execute notepad++::click 205 870]), Config.ActionTemplate(name=close all windows, actions=[awake::awake, close right::click 3820 15, close right::click 3820 15, close right::click 3820 15, close right::click 3820 15, close left::click 1900 15, close left::click 1900 15, close left::click 1900 15, close left::click 1900 15, click 2'st::click 255 1062, close left::click 1900 15, close right::click 3820 15, click 2'st::click 255 1062, close left::click 1900 15, close right::click 3820 15]), Config.ActionTemplate(name=print point, actions=[awake::awake, point::point 5])], exceptDates=[2024-03-01, 2024-03-26, 2024-04-10, 2024-05-01, 2024-05-06, 2024-05-15, 2024-06-06, 2024-08-15, 2024-09-16, 2024-09-17, 2024-09-18, 2024-10-03, 2024-10-09, 2024-12-25])
24.04.01 09:02:32.751 INFO  h.a.AutomouseApplication - Started AutomouseApplication in 1.272 seconds (process running for 1.743)
24.04.01 09:02:32.910 INFO  h.a.ScheduledTask - doAction: work on (MONDAY, WEDNESDAY, FRIDAY)
24.04.01 09:02:34.912 INFO  h.a.ScheduledTask - action: awake
24.04.01 09:02:39.919 INFO  h.a.ScheduledTask - action: click start button
24.04.01 09:02:42.044 INFO  h.a.ScheduledTask - action: execute chrome
24.04.01 09:02:44.164 INFO  h.a.ScheduledTask - action: select IVY
24.04.01 09:02:46.294 INFO  h.a.ScheduledTask - action: select works
24.04.01 09:02:48.404 INFO  h.a.ScheduledTask - action: select home
24.04.01 09:02:50.515 INFO  h.a.ScheduledTask - action: go password
24.04.01 09:02:52.625 INFO  h.a.ScheduledTask - action: password set
24.04.01 09:02:55.942 INFO  h.a.ScheduledTask - action: login
24.04.01 09:02:57.944 INFO  h.a.ScheduledTask - action: click on
24.04.01 09:03:00.063 INFO  h.a.ScheduledTask - action: click confirm
24.04.01 09:03:02.186 INFO  h.a.ScheduledTask - action: awake
24.04.01 09:03:07.210 INFO  h.a.ScheduledTask - action: click start button
24.04.01 09:03:09.328 INFO  h.a.ScheduledTask - action: execute explorer
24.04.01 09:03:11.450 INFO  h.a.ScheduledTask - action: click start button
24.04.01 09:03:13.564 INFO  h.a.ScheduledTask - action: execute notepad++
24.04.01 09:03:32.740 INFO  h.a.ScheduledTask - doAction: on duty
24.04.01 09:03:34.751 INFO  h.a.ScheduledTask - action: awake
24.04.01 09:03:39.767 INFO  h.a.ScheduledTask - action: point
24.04.01 09:03:39.767 INFO  h.a.ScheduledTask - point: 1446 864
24.04.01 09:03:40.943 INFO  h.a.AutomouseApplication - Starting AutomouseApplication v0.0.1 using Java 19.0.2 with PID 13208 (C:\work\VSCode\java\automouse\build\libs\automouse-0.0.1.jar started by hcbang in C:\work\VSCode\java\automouse)
24.04.01 09:03:40.943 INFO  h.a.AutomouseApplication - No active profile set, falling back to 1 default profile: "default"
24.04.01 09:03:41.482 INFO  h.a.ScheduledTask - Config(actionDelaySec=2, checkList=[Config.Check(name=work on (MONDAY, WEDNESDAY, FRIDAY), condition=Config.Condition(dayOfWeeks=[1, 3, 5], time=eq 08:57), actionTemplates=[work on, init work]), Config.Check(name=work on (TUESDAY, THURSDAY), condition=Config.Condition(dayOfWeeks=[2, 4], time=eq 08:58), actionTemplates=[work on, init work]), Config.Check(name=work off (MONDAY, THURSDAY), condition=Config.Condition(dayOfWeeks=[1, 4], time=eq 18:03), actionTemplates=[work off, close all windows]), Config.Check(name=work off (TUESDAY, WEDNESDAY, FRIDAY), condition=Config.Condition(dayOfWeeks=[2, 4, 5], time=eq 18:04), actionTemplates=[work off, close all windows]), Config.Check(name=shut down, condition=Config.Condition(dayOfWeeks=[5], time=gt 18:25), actionTemplates=[shut down]), Config.Check(name=on duty, condition=Config.Condition(dayOfWeeks=[1, 2, 3, 4, 5], time=bw 08:57 19:00), actionTemplates=[print point])], actionTemplateList=[Config.ActionTemplate(name=work on, actions=[awake::awake, click start button::click 18 1060, execute chrome::click 105 659, select IVY::click 1142 98, select works::click 1172 139, select home::click 1412 135, go password::click 561 605, password set::keyin ahffkWkti18!, login::enter, click on::click 1350 420, click confirm::click 1240 800]), Config.ActionTemplate(name=work off, actions=[awake::awake, click start button::click 18 1060, execute chrome::click 105 659, select IVY::click 1142 98, select works::click 1172 139, select home::click 1412 135, go password::click 561 605, password set::keyin ahffkWkti18!, login::enter, click off::click 1575 420, click confirm::click 1240 800, click my name::click 1755 140, click logout::click 1565 314]), Config.ActionTemplate(name=shut down, actions=[awake::awake, click start button::click 18 1060, click power button::click 18 1010, click shutdown button::click 18 935, exit::exit]), Config.ActionTemplate(name=init work, actions=[awake::awake, click start button::click 18 1060, execute explorer::click 310 660, click start button::click 18 1060, execute notepad++::click 205 870]), Config.ActionTemplate(name=close all windows, actions=[awake::awake, close right::click 3820 15, close right::click 3820 15, close right::click 3820 15, close right::click 3820 15, close left::click 1900 15, close left::click 1900 15, close left::click 1900 15, close left::click 1900 15, click 2'st::click 255 1062, close left::click 1900 15, close right::click 3820 15, click 2'st::click 255 1062, close left::click 1900 15, close right::click 3820 15]), Config.ActionTemplate(name=print point, actions=[awake::awake, point::point 5])], exceptDates=[2024-03-01, 2024-03-26, 2024-04-10, 2024-05-01, 2024-05-06, 2024-05-15, 2024-06-06, 2024-08-15, 2024-09-16, 2024-09-17, 2024-09-18, 2024-10-03, 2024-10-09, 2024-12-25])
24.04.01 09:03:41.598 INFO  h.a.AutomouseApplication - Started AutomouseApplication in 1.242 seconds (process running for 1.702)
24.04.01 09:03:41.745 INFO  h.a.ScheduledTask - doAction: on duty
24.04.01 09:03:43.755 INFO  h.a.ScheduledTask - action: awake
24.04.01 09:03:48.783 INFO  h.a.ScheduledTask - action: point
24.04.01 09:03:48.783 INFO  h.a.ScheduledTask - point: 325 1060
24.04.01 09:03:53.786 INFO  h.a.ScheduledTask - point: 554 810
24.04.01 09:03:58.800 INFO  h.a.ScheduledTask - point: 156 171
24.04.01 09:04:03.809 INFO  h.a.ScheduledTask - point: 169 267
24.04.01 09:04:08.822 INFO  h.a.ScheduledTask - point: 967 304
24.04.01 09:04:41.586 INFO  h.a.ScheduledTask - doAction: on duty
24.04.01 09:04:43.592 INFO  h.a.ScheduledTask - action: awake
24.04.01 09:04:48.606 INFO  h.a.ScheduledTask - action: point
24.04.01 09:04:48.606 INFO  h.a.ScheduledTask - point: 238 328
24.04.01 09:04:53.619 INFO  h.a.ScheduledTask - point: 675 697
24.04.01 09:04:58.624 INFO  h.a.ScheduledTask - point: 658 701
24.04.01 09:05:02.248 INFO  h.a.AutomouseApplication - Starting AutomouseApplication v0.0.1 using Java 19.0.2 with PID 13740 (C:\work\VSCode\java\automouse\build\libs\automouse-0.0.1.jar started by hcbang in C:\work\VSCode\java\automouse)
24.04.01 09:05:02.248 INFO  h.a.AutomouseApplication - No active profile set, falling back to 1 default profile: "default"
24.04.01 09:05:02.745 INFO  h.a.ScheduledTask - Config(actionDelaySec=2, checkList=[Config.Check(name=work on (MONDAY, WEDNESDAY, FRIDAY), condition=Config.Condition(dayOfWeeks=[1, 3, 5], time=eq 08:57), actionTemplates=[work on, init work]), Config.Check(name=work on (TUESDAY, THURSDAY), condition=Config.Condition(dayOfWeeks=[2, 4], time=eq 08:58), actionTemplates=[work on, init work]), Config.Check(name=work off (MONDAY, THURSDAY), condition=Config.Condition(dayOfWeeks=[1, 4], time=eq 18:03), actionTemplates=[work off, close all windows]), Config.Check(name=work off (TUESDAY, WEDNESDAY, FRIDAY), condition=Config.Condition(dayOfWeeks=[2, 4, 5], time=eq 18:04), actionTemplates=[work off, close all windows]), Config.Check(name=shut down, condition=Config.Condition(dayOfWeeks=[5], time=gt 18:25), actionTemplates=[shut down]), Config.Check(name=on duty, condition=Config.Condition(dayOfWeeks=[1, 2, 3, 4, 5], time=bw 08:57 19:00), actionTemplates=[print point])], actionTemplateList=[Config.ActionTemplate(name=work on, actions=[awake::awake, click start button::click 18 1060, execute chrome::click 105 659, select IVY::click 1142 98, select works::click 1172 139, select home::click 1412 135, go password::click 561 605, password set::keyin ahffkWkti18!, login::enter, click on::click 1350 420, click confirm::click 1240 800]), Config.ActionTemplate(name=work off, actions=[awake::awake, click start button::click 18 1060, execute chrome::click 105 659, select IVY::click 1142 98, select works::click 1172 139, select home::click 1412 135, go password::click 561 605, password set::keyin ahffkWkti18!, login::enter, click off::click 1575 420, click confirm::click 1240 800, click my name::click 1755 140, click logout::click 1565 314]), Config.ActionTemplate(name=shut down, actions=[awake::awake, click start button::click 18 1060, click power button::click 18 1010, click shutdown button::click 18 935, exit::exit]), Config.ActionTemplate(name=init work, actions=[awake::awake, click start button::click 18 1060, execute explorer::click 310 660, click start button::click 18 1060, execute notepad++::click 205 870]), Config.ActionTemplate(name=close all windows, actions=[awake::awake, close right::click 3820 15, close right::click 3820 15, close right::click 3820 15, close right::click 3820 15, close left::click 1900 15, close left::click 1900 15, close left::click 1900 15, close left::click 1900 15, click 2'st::click 255 1062, close left::click 1900 15, close right::click 3820 15, click 2'st::click 255 1062, close left::click 1900 15, close right::click 3820 15]), Config.ActionTemplate(name=print point, actions=[awake::awake, point::point 5])], exceptDates=[2024-03-01, 2024-03-26, 2024-04-10, 2024-05-01, 2024-05-06, 2024-05-15, 2024-06-06, 2024-08-15, 2024-09-16, 2024-09-17, 2024-09-18, 2024-10-03, 2024-10-09, 2024-12-25])
24.04.01 09:05:02.868 INFO  h.a.AutomouseApplication - Started AutomouseApplication in 1.233 seconds (process running for 1.731)
24.04.01 09:05:03.027 INFO  h.a.ScheduledTask - doAction: on duty
24.04.01 09:05:05.040 INFO  h.a.ScheduledTask - action: awake
24.04.01 09:05:10.052 INFO  h.a.ScheduledTask - action: point
24.04.01 09:05:10.052 INFO  h.a.ScheduledTask - point: 963 396
24.04.01 09:05:15.056 INFO  h.a.ScheduledTask - point: 963 396
24.04.01 09:05:20.058 INFO  h.a.ScheduledTask - point: 963 396
24.04.01 09:05:25.060 INFO  h.a.ScheduledTask - point: 963 396
24.04.01 09:05:30.067 INFO  h.a.ScheduledTask - point: 341 486
24.04.01 09:06:02.866 INFO  h.a.ScheduledTask - doAction: on duty
24.04.01 09:06:04.876 INFO  h.a.ScheduledTask - action: awake
24.04.01 09:06:09.896 INFO  h.a.ScheduledTask - action: point
24.04.01 09:06:09.896 INFO  h.a.ScheduledTask - point: 52 102
24.04.01 09:06:14.902 INFO  h.a.ScheduledTask - point: 487 226
24.04.01 09:06:19.912 INFO  h.a.ScheduledTask - point: 902 313
24.04.01 09:06:24.915 INFO  h.a.ScheduledTask - point: 73 199
24.04.01 09:06:29.931 INFO  h.a.ScheduledTask - point: 83 256
24.04.01 09:07:02.861 INFO  h.a.ScheduledTask - doAction: on duty
24.04.01 09:07:04.866 INFO  h.a.ScheduledTask - action: awake
24.04.01 09:07:09.891 INFO  h.a.ScheduledTask - action: point
24.04.01 09:07:09.891 INFO  h.a.ScheduledTask - point: 1877 413
24.04.01 09:07:14.897 INFO  h.a.ScheduledTask - point: 1674 344
24.04.01 09:07:19.906 INFO  h.a.ScheduledTask - point: 1679 292
24.04.01 09:07:24.910 INFO  h.a.ScheduledTask - point: 389 110
24.04.01 09:07:29.918 INFO  h.a.ScheduledTask - point: 1767 126
24.04.01 09:08:02.857 INFO  h.a.ScheduledTask - doAction: on duty
24.04.01 09:08:04.862 INFO  h.a.ScheduledTask - action: awake
24.04.01 09:08:09.877 INFO  h.a.ScheduledTask - action: point
24.04.01 09:08:09.877 INFO  h.a.ScheduledTask - point: 1157 122
24.04.01 09:08:14.880 INFO  h.a.ScheduledTask - point: 1157 122
24.04.01 09:08:19.895 INFO  h.a.ScheduledTask - point: 1157 122
24.04.01 09:08:24.911 INFO  h.a.ScheduledTask - point: 1157 122
24.04.01 09:08:29.913 INFO  h.a.ScheduledTask - point: 1157 122
24.04.01 09:09:02.861 INFO  h.a.ScheduledTask - doAction: on duty
24.04.01 09:09:04.875 INFO  h.a.ScheduledTask - action: awake
24.04.01 09:09:09.904 INFO  h.a.ScheduledTask - action: point
24.04.01 09:09:09.904 INFO  h.a.ScheduledTask - point: 1157 122
24.04.01 09:09:14.914 INFO  h.a.ScheduledTask - point: 1157 122
24.04.01 09:09:19.929 INFO  h.a.ScheduledTask - point: 1157 122
24.04.01 09:09:24.932 INFO  h.a.ScheduledTask - point: 1157 122
24.04.01 09:09:29.947 INFO  h.a.ScheduledTask - point: 1157 122
24.04.01 09:10:02.863 INFO  h.a.ScheduledTask - doAction: on duty
24.04.01 09:10:04.878 INFO  h.a.ScheduledTask - action: awake
24.04.01 09:10:09.904 INFO  h.a.ScheduledTask - action: point
24.04.01 09:10:09.904 INFO  h.a.ScheduledTask - point: 1157 122
24.04.01 09:10:14.919 INFO  h.a.ScheduledTask - point: 1157 122
24.04.01 09:10:19.934 INFO  h.a.ScheduledTask - point: 1157 122
24.04.01 09:10:24.935 INFO  h.a.ScheduledTask - point: 1157 122
24.04.01 09:10:29.942 INFO  h.a.ScheduledTask - point: 1157 122
24.04.01 09:11:02.868 INFO  h.a.ScheduledTask - doAction: on duty
24.04.01 09:11:04.879 INFO  h.a.ScheduledTask - action: awake
24.04.01 09:11:09.911 INFO  h.a.ScheduledTask - action: point
24.04.01 09:11:09.911 INFO  h.a.ScheduledTask - point: 1157 122
24.04.01 09:11:14.926 INFO  h.a.ScheduledTask - point: 1157 122
24.04.01 09:11:19.931 INFO  h.a.ScheduledTask - point: 1157 122
24.04.01 09:11:24.943 INFO  h.a.ScheduledTask - point: 1157 122
24.04.01 09:11:29.957 INFO  h.a.ScheduledTask - point: 1157 122
24.04.01 09:12:02.868 INFO  h.a.ScheduledTask - doAction: on duty
24.04.01 09:12:04.870 INFO  h.a.ScheduledTask - action: awake
24.04.01 09:12:09.896 INFO  h.a.ScheduledTask - action: point
24.04.01 09:12:09.896 INFO  h.a.ScheduledTask - point: 1157 122
24.04.01 09:12:14.911 INFO  h.a.ScheduledTask - point: 1157 122
24.04.01 09:12:19.914 INFO  h.a.ScheduledTask - point: 1157 122
24.04.01 09:12:24.929 INFO  h.a.ScheduledTask - point: 1157 122
24.04.01 09:12:29.944 INFO  h.a.ScheduledTask - point: 1157 122
24.04.01 09:13:02.865 INFO  h.a.ScheduledTask - doAction: on duty
24.04.01 09:13:04.877 INFO  h.a.ScheduledTask - action: awake
24.04.01 09:13:09.906 INFO  h.a.ScheduledTask - action: point
24.04.01 09:13:09.906 INFO  h.a.ScheduledTask - point: 1157 122
24.04.01 09:13:14.921 INFO  h.a.ScheduledTask - point: 1157 122
24.04.01 09:13:19.925 INFO  h.a.ScheduledTask - point: 1157 122
24.04.01 09:13:24.939 INFO  h.a.ScheduledTask - point: 1157 122
24.04.01 09:13:29.942 INFO  h.a.ScheduledTask - point: 1157 122
24.04.01 09:14:02.860 INFO  h.a.ScheduledTask - doAction: on duty
24.04.01 09:14:04.874 INFO  h.a.ScheduledTask - action: awake
24.04.01 09:14:09.896 INFO  h.a.ScheduledTask - action: point
24.04.01 09:14:09.896 INFO  h.a.ScheduledTask - point: 1157 122
24.04.01 09:14:14.899 INFO  h.a.ScheduledTask - point: 1157 122
24.04.01 09:14:19.914 INFO  h.a.ScheduledTask - point: 1157 122
24.04.01 09:14:24.930 INFO  h.a.ScheduledTask - point: 1157 122
24.04.01 09:14:29.932 INFO  h.a.ScheduledTask - point: 1157 122
24.04.01 09:15:02.871 INFO  h.a.ScheduledTask - doAction: on duty
24.04.01 09:15:04.885 INFO  h.a.ScheduledTask - action: awake
24.04.01 09:15:09.907 INFO  h.a.ScheduledTask - action: point
24.04.01 09:15:09.907 INFO  h.a.ScheduledTask - point: 1157 122
24.04.01 09:15:14.910 INFO  h.a.ScheduledTask - point: 1157 122
24.04.01 09:15:19.925 INFO  h.a.ScheduledTask - point: 1157 122
24.04.01 09:15:24.938 INFO  h.a.ScheduledTask - point: 1157 122
24.04.01 09:15:29.943 INFO  h.a.ScheduledTask - point: 1157 122
24.04.01 09:16:02.870 INFO  h.a.ScheduledTask - doAction: on duty
24.04.01 09:16:04.883 INFO  h.a.ScheduledTask - action: awake
24.04.01 09:16:09.916 INFO  h.a.ScheduledTask - action: point
24.04.01 09:16:09.916 INFO  h.a.ScheduledTask - point: 1157 122
24.04.01 09:16:14.931 INFO  h.a.ScheduledTask - point: 1157 122
24.04.01 09:16:19.946 INFO  h.a.ScheduledTask - point: 1157 122
24.04.01 09:16:24.949 INFO  h.a.ScheduledTask - point: 1157 122
24.04.01 09:16:29.964 INFO  h.a.ScheduledTask - point: 1157 122
24.04.01 09:17:02.863 INFO  h.a.ScheduledTask - doAction: on duty
24.04.01 09:17:04.873 INFO  h.a.ScheduledTask - action: awake
24.04.01 09:17:09.892 INFO  h.a.ScheduledTask - action: point
24.04.01 09:17:09.892 INFO  h.a.ScheduledTask - point: 1157 122
24.04.01 09:17:14.907 INFO  h.a.ScheduledTask - point: 1157 122
24.04.01 09:17:19.918 INFO  h.a.ScheduledTask - point: 1157 122
24.04.01 09:17:24.923 INFO  h.a.ScheduledTask - point: 1157 122
24.04.01 09:17:29.938 INFO  h.a.ScheduledTask - point: 1157 122
24.04.01 09:18:02.868 INFO  h.a.ScheduledTask - doAction: on duty
24.04.01 09:18:04.869 INFO  h.a.ScheduledTask - action: awake
24.04.01 09:18:09.886 INFO  h.a.ScheduledTask - action: point
24.04.01 09:18:09.888 INFO  h.a.ScheduledTask - point: 78 270
24.04.01 09:18:14.894 INFO  h.a.ScheduledTask - point: 901 327
24.04.01 09:18:19.898 INFO  h.a.ScheduledTask - point: 940 368
24.04.01 09:18:24.906 INFO  h.a.ScheduledTask - point: 2546 16
24.04.01 09:18:29.912 INFO  h.a.ScheduledTask - point: 190 131
24.04.01 09:19:02.863 INFO  h.a.ScheduledTask - doAction: on duty
24.04.01 09:19:04.865 INFO  h.a.ScheduledTask - action: awake
24.04.01 09:19:09.890 INFO  h.a.ScheduledTask - action: point
24.04.01 09:19:09.891 INFO  h.a.ScheduledTask - point: 86 276
24.04.01 09:19:14.901 INFO  h.a.ScheduledTask - point: 1032 427
24.04.01 09:19:19.907 INFO  h.a.ScheduledTask - point: 944 371
24.04.01 09:19:24.919 INFO  h.a.ScheduledTask - point: 121 246
24.04.01 09:19:29.929 INFO  h.a.ScheduledTask - point: 587 662
24.04.01 09:20:02.859 INFO  h.a.ScheduledTask - doAction: on duty
24.04.01 09:20:04.862 INFO  h.a.ScheduledTask - action: awake
24.04.01 09:20:09.887 INFO  h.a.ScheduledTask - action: point
24.04.01 09:20:09.887 INFO  h.a.ScheduledTask - point: 1091 708
24.04.01 09:20:14.901 INFO  h.a.ScheduledTask - point: 639 513
24.04.01 09:20:19.908 INFO  h.a.ScheduledTask - point: 950 160
24.04.01 09:20:24.921 INFO  h.a.ScheduledTask - point: 953 146
24.04.01 09:20:29.929 INFO  h.a.ScheduledTask - point: 953 146
24.04.01 09:21:02.866 INFO  h.a.ScheduledTask - doAction: on duty
24.04.01 09:21:04.877 INFO  h.a.ScheduledTask - action: awake
24.04.01 09:21:09.895 INFO  h.a.ScheduledTask - action: point
24.04.01 09:21:09.895 INFO  h.a.ScheduledTask - point: 227 144
24.04.01 09:21:14.907 INFO  h.a.ScheduledTask - point: 547 184
24.04.01 09:21:19.908 INFO  h.a.ScheduledTask - point: 1342 195
24.04.01 09:21:24.911 INFO  h.a.ScheduledTask - point: 740 511
24.04.01 09:21:29.917 INFO  h.a.ScheduledTask - point: 408 434
24.04.01 09:22:02.871 INFO  h.a.ScheduledTask - doAction: on duty
24.04.01 09:22:04.887 INFO  h.a.ScheduledTask - action: awake
24.04.01 09:22:09.893 INFO  h.a.ScheduledTask - action: point
24.04.01 09:22:09.894 INFO  h.a.ScheduledTask - point: 512 415
24.04.01 09:22:14.904 INFO  h.a.ScheduledTask - point: 482 438
24.04.01 09:22:19.913 INFO  h.a.ScheduledTask - point: 482 438
24.04.01 09:22:24.918 INFO  h.a.ScheduledTask - point: 603 181
24.04.01 09:22:29.919 INFO  h.a.ScheduledTask - point: 594 269
24.04.01 09:23:02.864 INFO  h.a.ScheduledTask - doAction: on duty
24.04.01 09:23:04.874 INFO  h.a.ScheduledTask - action: awake
24.04.01 09:23:09.896 INFO  h.a.ScheduledTask - action: point
24.04.01 09:23:09.896 INFO  h.a.ScheduledTask - point: 2810 371
24.04.01 09:23:14.912 INFO  h.a.ScheduledTask - point: 2316 328
24.04.01 09:23:19.915 INFO  h.a.ScheduledTask - point: 134 613
24.04.01 09:23:24.916 INFO  h.a.ScheduledTask - point: 134 613
24.04.01 09:23:29.917 INFO  h.a.ScheduledTask - point: 150 579
24.04.01 09:24:02.870 INFO  h.a.ScheduledTask - doAction: on duty
24.04.01 09:24:04.880 INFO  h.a.ScheduledTask - action: awake
24.04.01 09:24:09.894 INFO  h.a.ScheduledTask - action: point
24.04.01 09:24:09.895 INFO  h.a.ScheduledTask - point: 403 721
24.04.01 09:24:14.901 INFO  h.a.ScheduledTask - point: 403 721
24.04.01 09:24:19.908 INFO  h.a.ScheduledTask - point: 465 843
24.04.01 09:24:24.913 INFO  h.a.ScheduledTask - point: 503 688
24.04.01 09:24:29.915 INFO  h.a.ScheduledTask - point: 573 669
24.04.01 09:25:02.857 INFO  h.a.ScheduledTask - doAction: on duty
24.04.01 09:25:04.872 INFO  h.a.ScheduledTask - action: awake
24.04.01 09:25:09.896 INFO  h.a.ScheduledTask - action: point
24.04.01 09:25:09.896 INFO  h.a.ScheduledTask - point: 135 195
24.04.01 09:25:14.909 INFO  h.a.ScheduledTask - point: 831 651
24.04.01 09:25:19.912 INFO  h.a.ScheduledTask - point: 1148 427
24.04.01 09:25:24.918 INFO  h.a.ScheduledTask - point: 1227 312
24.04.01 09:25:29.929 INFO  h.a.ScheduledTask - point: 849 622
24.04.01 09:26:02.861 INFO  h.a.ScheduledTask - doAction: on duty
24.04.01 09:26:04.876 INFO  h.a.ScheduledTask - action: awake
24.04.01 09:26:09.892 INFO  h.a.ScheduledTask - action: point
24.04.01 09:26:09.893 INFO  h.a.ScheduledTask - point: 956 659
24.04.01 09:26:14.898 INFO  h.a.ScheduledTask - point: 954 767
24.04.01 09:26:19.901 INFO  h.a.ScheduledTask - point: 796 515
24.04.01 09:26:24.906 INFO  h.a.ScheduledTask - point: 639 449
24.04.01 09:26:29.911 INFO  h.a.ScheduledTask - point: 105 275
24.04.01 09:27:02.865 INFO  h.a.ScheduledTask - doAction: on duty
24.04.01 09:27:04.867 INFO  h.a.ScheduledTask - action: awake
24.04.01 09:27:09.886 INFO  h.a.ScheduledTask - action: point
24.04.01 09:27:09.886 INFO  h.a.ScheduledTask - point: 2774 368
24.04.01 09:27:14.889 INFO  h.a.ScheduledTask - point: 2744 197
24.04.01 09:27:19.891 INFO  h.a.ScheduledTask - point: 2711 142
24.04.01 09:27:24.898 INFO  h.a.ScheduledTask - point: 2875 628
24.04.01 09:27:29.904 INFO  h.a.ScheduledTask - point: 3003 217
24.04.01 09:28:02.872 INFO  h.a.ScheduledTask - doAction: on duty
24.04.01 09:28:04.874 INFO  h.a.ScheduledTask - action: awake
24.04.01 09:28:09.886 INFO  h.a.ScheduledTask - action: point
24.04.01 09:28:09.886 INFO  h.a.ScheduledTask - point: 52 356
24.04.01 09:28:14.890 INFO  h.a.ScheduledTask - point: 104 334
24.04.01 09:28:19.892 INFO  h.a.ScheduledTask - point: 209 333
24.04.01 09:28:24.899 INFO  h.a.ScheduledTask - point: 2168 344
24.04.01 09:28:29.905 INFO  h.a.ScheduledTask - point: 133 353
24.04.01 09:29:02.859 INFO  h.a.ScheduledTask - doAction: on duty
24.04.01 09:29:04.866 INFO  h.a.ScheduledTask - action: awake
24.04.01 09:29:09.879 INFO  h.a.ScheduledTask - action: point
24.04.01 09:29:09.879 INFO  h.a.ScheduledTask - point: 2109 589
24.04.01 09:29:14.885 INFO  h.a.ScheduledTask - point: 2848 335
24.04.01 09:29:19.892 INFO  h.a.ScheduledTask - point: 444 263
24.04.01 09:29:24.899 INFO  h.a.ScheduledTask - point: 724 293
24.04.01 09:29:29.900 INFO  h.a.ScheduledTask - point: 458 306
24.04.01 09:30:02.859 INFO  h.a.ScheduledTask - doAction: on duty
24.04.01 09:30:04.869 INFO  h.a.ScheduledTask - action: awake
24.04.01 09:30:09.879 INFO  h.a.ScheduledTask - action: point
24.04.01 09:30:09.880 INFO  h.a.ScheduledTask - point: 701 866
24.04.01 09:30:14.891 INFO  h.a.ScheduledTask - point: 2725 611
24.04.01 09:30:19.895 INFO  h.a.ScheduledTask - point: 414 385
24.04.01 09:30:24.909 INFO  h.a.ScheduledTask - point: 383 605
24.04.01 09:30:29.918 INFO  h.a.ScheduledTask - point: 827 1006
24.04.01 09:31:02.859 INFO  h.a.ScheduledTask - doAction: on duty
24.04.01 09:31:04.865 INFO  h.a.ScheduledTask - action: awake
24.04.01 09:31:09.881 INFO  h.a.ScheduledTask - action: point
24.04.01 09:31:09.881 INFO  h.a.ScheduledTask - point: 738 708
24.04.01 09:31:14.889 INFO  h.a.ScheduledTask - point: 450 284
24.04.01 09:31:19.892 INFO  h.a.ScheduledTask - point: 825 431
24.04.01 09:31:24.898 INFO  h.a.ScheduledTask - point: 502 554
24.04.01 09:31:29.910 INFO  h.a.ScheduledTask - point: 727 616
24.04.01 09:32:02.869 INFO  h.a.ScheduledTask - doAction: on duty
24.04.01 09:32:04.874 INFO  h.a.ScheduledTask - action: awake
24.04.01 09:32:09.892 INFO  h.a.ScheduledTask - action: point
24.04.01 09:32:09.892 INFO  h.a.ScheduledTask - point: 124 495
24.04.01 09:32:14.902 INFO  h.a.ScheduledTask - point: 728 524
24.04.01 09:32:19.908 INFO  h.a.ScheduledTask - point: 729 518
24.04.01 09:32:24.910 INFO  h.a.ScheduledTask - point: 484 544
24.04.01 09:32:29.911 INFO  h.a.ScheduledTask - point: 710 190
24.04.01 09:33:02.859 INFO  h.a.ScheduledTask - doAction: on duty
24.04.01 09:33:04.866 INFO  h.a.ScheduledTask - action: awake
24.04.01 09:33:09.879 INFO  h.a.ScheduledTask - action: point
24.04.01 09:33:09.880 INFO  h.a.ScheduledTask - point: 165 379
24.04.01 09:33:14.885 INFO  h.a.ScheduledTask - point: 556 184
24.04.01 09:33:19.886 INFO  h.a.ScheduledTask - point: 1026 563
24.04.01 09:33:24.888 INFO  h.a.ScheduledTask - point: 911 550
24.04.01 09:33:29.891 INFO  h.a.ScheduledTask - point: 606 519
24.04.01 09:34:02.859 INFO  h.a.ScheduledTask - doAction: on duty
24.04.01 09:34:04.866 INFO  h.a.ScheduledTask - action: awake
24.04.01 09:34:09.879 INFO  h.a.ScheduledTask - action: point
24.04.01 09:34:09.880 INFO  h.a.ScheduledTask - point: 777 430
24.04.01 09:34:14.886 INFO  h.a.ScheduledTask - point: 644 579
24.04.01 09:34:19.892 INFO  h.a.ScheduledTask - point: 969 139
24.04.01 09:34:24.904 INFO  h.a.ScheduledTask - point: 965 503
24.04.01 09:34:29.905 INFO  h.a.ScheduledTask - point: 964 507
24.04.01 09:35:02.860 INFO  h.a.ScheduledTask - doAction: on duty
24.04.01 09:35:04.867 INFO  h.a.ScheduledTask - action: awake
24.04.01 09:35:09.880 INFO  h.a.ScheduledTask - action: point
24.04.01 09:35:09.880 INFO  h.a.ScheduledTask - point: 1832 146
24.04.01 09:35:14.886 INFO  h.a.ScheduledTask - point: 1788 301
24.04.01 09:35:19.887 INFO  h.a.ScheduledTask - point: 2717 171
24.04.01 09:35:24.888 INFO  h.a.ScheduledTask - point: 2891 344
24.04.01 09:35:29.896 INFO  h.a.ScheduledTask - point: 860 429
24.04.01 09:36:02.872 INFO  h.a.ScheduledTask - doAction: on duty
24.04.01 09:36:04.874 INFO  h.a.ScheduledTask - action: awake
24.04.01 09:36:09.886 INFO  h.a.ScheduledTask - action: point
24.04.01 09:36:09.887 INFO  h.a.ScheduledTask - point: 864 485
24.04.01 09:36:14.903 INFO  h.a.ScheduledTask - point: 799 600
24.04.01 09:36:19.913 INFO  h.a.ScheduledTask - point: 799 606
24.04.01 09:36:24.915 INFO  h.a.ScheduledTask - point: 282 146
24.04.01 09:36:29.920 INFO  h.a.ScheduledTask - point: 235 148
24.04.01 09:37:02.861 INFO  h.a.ScheduledTask - doAction: on duty
24.04.01 09:37:04.862 INFO  h.a.ScheduledTask - action: awake
24.04.01 09:37:09.868 INFO  h.a.ScheduledTask - action: point
24.04.01 09:37:09.868 INFO  h.a.ScheduledTask - point: 1535 423
24.04.01 09:37:14.873 INFO  h.a.ScheduledTask - point: 1460 561
24.04.01 09:37:19.879 INFO  h.a.ScheduledTask - point: 573 187
24.04.01 09:37:24.881 INFO  h.a.ScheduledTask - point: 1718 156
24.04.01 09:37:29.901 INFO  h.a.ScheduledTask - point: 105 227
24.04.01 09:38:02.859 INFO  h.a.ScheduledTask - doAction: on duty
24.04.01 09:38:04.876 INFO  h.a.ScheduledTask - action: awake
24.04.01 09:38:09.903 INFO  h.a.ScheduledTask - action: point
24.04.01 09:38:09.903 INFO  h.a.ScheduledTask - point: 2654 569
24.04.01 09:38:14.911 INFO  h.a.ScheduledTask - point: 2712 573
24.04.01 09:38:19.917 INFO  h.a.ScheduledTask - point: 2765 681
24.04.01 09:38:24.924 INFO  h.a.ScheduledTask - point: 2611 323
24.04.01 09:38:29.939 INFO  h.a.ScheduledTask - point: 2611 323
24.04.01 09:39:02.861 INFO  h.a.ScheduledTask - doAction: on duty
24.04.01 09:39:04.866 INFO  h.a.ScheduledTask - action: awake
24.04.01 09:39:09.878 INFO  h.a.ScheduledTask - action: point
24.04.01 09:39:09.878 INFO  h.a.ScheduledTask - point: 2728 590
24.04.01 09:39:14.881 INFO  h.a.ScheduledTask - point: 2776 478
24.04.01 09:39:19.882 INFO  h.a.ScheduledTask - point: 3677 244
24.04.01 09:39:24.889 INFO  h.a.ScheduledTask - point: 3163 364
24.04.01 09:39:29.892 INFO  h.a.ScheduledTask - point: 2695 856
24.04.01 09:40:02.868 INFO  h.a.ScheduledTask - doAction: on duty
24.04.01 09:40:04.883 INFO  h.a.ScheduledTask - action: awake
24.04.01 09:40:09.890 INFO  h.a.ScheduledTask - action: point
24.04.01 09:40:09.890 INFO  h.a.ScheduledTask - point: 2991 530
24.04.01 09:40:14.894 INFO  h.a.ScheduledTask - point: 2991 530
24.04.01 09:40:19.896 INFO  h.a.ScheduledTask - point: 2991 530
24.04.01 09:40:24.897 INFO  h.a.ScheduledTask - point: 2991 530
24.04.01 09:40:29.899 INFO  h.a.ScheduledTask - point: 2991 530
24.04.01 09:41:02.878 INFO  h.a.ScheduledTask - doAction: on duty
24.04.01 09:41:04.879 INFO  h.a.ScheduledTask - action: awake
24.04.01 09:41:09.900 INFO  h.a.ScheduledTask - action: point
24.04.01 09:41:09.900 INFO  h.a.ScheduledTask - point: 1345 788
24.04.01 09:41:14.904 INFO  h.a.ScheduledTask - point: 2417 212
24.04.01 09:41:19.908 INFO  h.a.ScheduledTask - point: 823 989
24.04.01 09:41:24.913 INFO  h.a.ScheduledTask - point: 823 989
24.04.01 09:41:29.914 INFO  h.a.ScheduledTask - point: 430 1019
24.04.01 09:42:02.863 INFO  h.a.ScheduledTask - doAction: on duty
24.04.01 09:42:04.868 INFO  h.a.ScheduledTask - action: awake
24.04.01 09:42:09.889 INFO  h.a.ScheduledTask - action: point
24.04.01 09:42:09.889 INFO  h.a.ScheduledTask - point: 2844 655
24.04.01 09:42:14.895 INFO  h.a.ScheduledTask - point: 3111 439
24.04.01 09:42:19.908 INFO  h.a.ScheduledTask - point: 3111 439
24.04.01 09:42:24.910 INFO  h.a.ScheduledTask - point: 2948 467
24.04.01 09:42:29.914 INFO  h.a.ScheduledTask - point: 2716 449
24.04.01 09:43:02.867 INFO  h.a.ScheduledTask - doAction: on duty
24.04.01 09:43:04.875 INFO  h.a.ScheduledTask - action: awake
24.04.01 09:43:09.884 INFO  h.a.ScheduledTask - action: point
24.04.01 09:43:09.884 INFO  h.a.ScheduledTask - point: 2756 545
24.04.01 09:43:14.888 INFO  h.a.ScheduledTask - point: 2742 497
24.04.01 09:43:19.895 INFO  h.a.ScheduledTask - point: 2706 445
24.04.01 09:43:24.896 INFO  h.a.ScheduledTask - point: 2853 627
24.04.01 09:43:29.911 INFO  h.a.ScheduledTask - point: 2853 627
24.04.01 09:44:02.866 INFO  h.a.ScheduledTask - doAction: on duty
24.04.01 09:44:04.882 INFO  h.a.ScheduledTask - action: awake
24.04.01 09:44:09.889 INFO  h.a.ScheduledTask - action: point
24.04.01 09:44:09.889 INFO  h.a.ScheduledTask - point: 2786 509
24.04.01 09:44:14.893 INFO  h.a.ScheduledTask - point: 2848 671
24.04.01 09:44:19.898 INFO  h.a.ScheduledTask - point: 2929 457
24.04.01 09:44:24.905 INFO  h.a.ScheduledTask - point: 2859 853
24.04.01 09:44:29.908 INFO  h.a.ScheduledTask - point: 2867 840
24.04.01 09:45:02.861 INFO  h.a.ScheduledTask - doAction: on duty
24.04.01 09:45:04.863 INFO  h.a.ScheduledTask - action: awake
24.04.01 09:45:09.875 INFO  h.a.ScheduledTask - action: point
24.04.01 09:45:09.875 INFO  h.a.ScheduledTask - point: 2737 628
24.04.01 09:45:14.880 INFO  h.a.ScheduledTask - point: 2813 761
24.04.01 09:45:19.886 INFO  h.a.ScheduledTask - point: 2703 548
24.04.01 09:45:24.898 INFO  h.a.ScheduledTask - point: 2810 642
24.04.01 09:45:29.902 INFO  h.a.ScheduledTask - point: 3099 728
24.04.01 09:46:02.857 INFO  h.a.ScheduledTask - doAction: on duty
24.04.01 09:46:04.867 INFO  h.a.ScheduledTask - action: awake
24.04.01 09:46:09.883 INFO  h.a.ScheduledTask - action: point
24.04.01 09:46:09.883 INFO  h.a.ScheduledTask - point: 857 415
24.04.01 09:46:14.895 INFO  h.a.ScheduledTask - point: 392 0
24.04.01 09:46:19.896 INFO  h.a.ScheduledTask - point: 1174 592
24.04.01 09:46:24.899 INFO  h.a.ScheduledTask - point: 983 462
24.04.01 09:46:29.904 INFO  h.a.ScheduledTask - point: 855 850
24.04.01 09:47:02.861 INFO  h.a.ScheduledTask - doAction: on duty
24.04.01 09:47:04.865 INFO  h.a.ScheduledTask - action: awake
24.04.01 09:47:09.876 INFO  h.a.ScheduledTask - action: point
24.04.01 09:47:09.876 INFO  h.a.ScheduledTask - point: 614 514
24.04.01 09:47:14.884 INFO  h.a.ScheduledTask - point: 1398 766
24.04.01 09:47:19.887 INFO  h.a.ScheduledTask - point: 284 683
24.04.01 09:47:24.891 INFO  h.a.ScheduledTask - point: 463 393
24.04.01 09:47:29.905 INFO  h.a.ScheduledTask - point: 1010 381
24.04.01 09:48:02.858 INFO  h.a.ScheduledTask - doAction: on duty
24.04.01 09:48:04.859 INFO  h.a.ScheduledTask - action: awake
24.04.01 09:48:09.874 INFO  h.a.ScheduledTask - action: point
24.04.01 09:48:09.874 INFO  h.a.ScheduledTask - point: 941 772
24.04.01 09:48:14.876 INFO  h.a.ScheduledTask - point: 660 0
24.04.01 09:48:19.890 INFO  h.a.ScheduledTask - point: 732 415
24.04.01 09:48:24.897 INFO  h.a.ScheduledTask - point: 1050 571
24.04.01 09:48:29.907 INFO  h.a.ScheduledTask - point: 2949 875
24.04.01 09:49:02.872 INFO  h.a.ScheduledTask - doAction: on duty
24.04.01 09:49:04.887 INFO  h.a.ScheduledTask - action: awake
24.04.01 09:49:09.902 INFO  h.a.ScheduledTask - action: point
24.04.01 09:49:09.902 INFO  h.a.ScheduledTask - point: 594 0
24.04.01 09:49:14.905 INFO  h.a.ScheduledTask - point: 3110 911
24.04.01 09:49:19.918 INFO  h.a.ScheduledTask - point: 571 796
24.04.01 09:49:24.925 INFO  h.a.ScheduledTask - point: 826 791
24.04.01 09:49:29.926 INFO  h.a.ScheduledTask - point: 3112 891
24.04.01 09:50:02.861 INFO  h.a.ScheduledTask - doAction: on duty
24.04.01 09:50:04.864 INFO  h.a.ScheduledTask - action: awake
24.04.01 09:50:09.884 INFO  h.a.ScheduledTask - action: point
24.04.01 09:50:09.884 INFO  h.a.ScheduledTask - point: 2648 196
24.04.01 09:50:14.906 INFO  h.a.ScheduledTask - point: 2923 246
24.04.01 09:50:19.920 INFO  h.a.ScheduledTask - point: 2475 53
24.04.01 09:50:24.924 INFO  h.a.ScheduledTask - point: 3071 797
24.04.01 09:50:29.930 INFO  h.a.ScheduledTask - point: 1060 755
24.04.01 09:51:02.858 INFO  h.a.ScheduledTask - doAction: on duty
24.04.01 09:51:04.867 INFO  h.a.ScheduledTask - action: awake
24.04.01 09:51:09.893 INFO  h.a.ScheduledTask - action: point
24.04.01 09:51:09.893 INFO  h.a.ScheduledTask - point: 2599 255
24.04.01 09:51:14.900 INFO  h.a.ScheduledTask - point: 1993 235
24.04.01 09:51:19.904 INFO  h.a.ScheduledTask - point: 2197 419
24.04.01 09:51:24.906 INFO  h.a.ScheduledTask - point: 2866 322
24.04.01 09:51:29.906 INFO  h.a.ScheduledTask - point: 2204 91
